<?xml version="1.0" encoding="UTF-8"?>
<testsuite name="com.wordz.WordTest" tests="1" skipped="0" failures="0" errors="0" timestamp="2025-08-19T08:51:19" hostname="Brams-Mac-mini.local" time="0.016">
  <properties/>
  <testcase name="oneIncorrectLetter()" classname="com.wordz.WordTest" time="0.016"/>
  <system-out><![CDATA[]]></system-out>
  <system-err><![CDATA[]]></system-err>
</testsuite>
