<?xml version="1.0" encoding="UTF-8"?>
<testsuite name="com.wordz.WordTest" tests="4" skipped="0" failures="0" errors="0" timestamp="2025-08-19T12:44:37" hostname="Brams-Mac-mini.local" time="0.021">
  <properties/>
  <testcase name="oneCorrectLetter()" classname="com.wordz.WordTest" time="0.018"/>
  <testcase name="allScoreCombinations()" classname="com.wordz.WordTest" time="0.0"/>
  <testcase name="secondLetterWrongPosition()" classname="com.wordz.WordTest" time="0.0"/>
  <testcase name="oneIncorrectLetter()" classname="com.wordz.WordTest" time="0.0"/>
  <system-out><![CDATA[]]></system-out>
  <system-err><![CDATA[]]></system-err>
</testsuite>
